This file contains any messages produced by compilers while
running configure, to aid debugging if configure makes a mistake.

It was created by libgtkmusic configure 0.2, which was
generated by GNU Autoconf 2.68.  Invocation command line was

  $ ./configure 

## --------- ##
## Platform. ##
## --------- ##

hostname = leandro-laptop
uname -m = x86_64
uname -r = 3.0.0-14-generic
uname -s = Linux
uname -v = #23-Ubuntu SMP Mon Nov 21 20:28:43 UTC 2011

/usr/bin/uname -p = unknown
/bin/uname -X     = unknown

/bin/arch              = unknown
/usr/bin/arch -k       = unknown
/usr/convex/getsysinfo = unknown
/usr/bin/hostinfo      = unknown
/bin/machine           = unknown
/usr/bin/oslevel       = unknown
/bin/universe          = unknown

PATH: /usr/local/bin
PATH: /usr/bin
PATH: /bin
PATH: /usr/games
PATH: /usr/local/texlive/2011/bin/x86_64-linux
PATH: /home/leandro/local/android-sdk/tools
PATH: /home/leandro/local/android-sdk/platform_tools


## ----------- ##
## Core tests. ##
## ----------- ##

configure:2241: checking for a BSD-compatible install
configure:2309: result: /usr/bin/install -c
configure:2320: checking whether build environment is sane
configure:2370: result: yes
configure:2511: checking for a thread-safe mkdir -p
configure:2550: result: /bin/mkdir -p
configure:2563: checking for gawk
configure:2579: found /usr/bin/gawk
configure:2590: result: gawk
configure:2601: checking whether make sets $(MAKE)
configure:2623: result: yes
configure:2709: checking for valac
configure:2727: found /usr/local/bin/valac
configure:2739: result: /usr/local/bin/valac
configure:2805: checking build system type
configure:2819: result: x86_64-unknown-linux-gnu
configure:2839: checking host system type
configure:2852: result: x86_64-unknown-linux-gnu
configure:2893: checking how to print strings
configure:2920: result: printf
configure:2953: checking for style of include used by make
configure:2981: result: GNU
configure:3051: checking for gcc
configure:3067: found /usr/bin/gcc
configure:3078: result: gcc
configure:3307: checking for C compiler version
configure:3316: gcc --version >&5
gcc (Ubuntu/Linaro 4.6.1-9ubuntu3) 4.6.1
Copyright (C) 2011 Free Software Foundation, Inc.
This is free software; see the source for copying conditions.  There is NO
warranty; not even for MERCHANTABILITY or FITNESS FOR A PARTICULAR PURPOSE.

configure:3327: $? = 0
configure:3316: gcc -v >&5
Using built-in specs.
COLLECT_GCC=gcc
COLLECT_LTO_WRAPPER=/usr/lib/gcc/x86_64-linux-gnu/4.6.1/lto-wrapper
Target: x86_64-linux-gnu
Configured with: ../src/configure -v --with-pkgversion='Ubuntu/Linaro 4.6.1-9ubuntu3' --with-bugurl=file:///usr/share/doc/gcc-4.6/README.Bugs --enable-languages=c,c++,fortran,objc,obj-c++,go --prefix=/usr --program-suffix=-4.6 --enable-shared --enable-linker-build-id --with-system-zlib --libexecdir=/usr/lib --without-included-gettext --enable-threads=posix --with-gxx-include-dir=/usr/include/c++/4.6 --libdir=/usr/lib --enable-nls --with-sysroot=/ --enable-clocale=gnu --enable-libstdcxx-debug --enable-libstdcxx-time=yes --enable-plugin --enable-objc-gc --disable-werror --with-arch-32=i686 --with-tune=generic --enable-checking=release --build=x86_64-linux-gnu --host=x86_64-linux-gnu --target=x86_64-linux-gnu
Thread model: posix
gcc version 4.6.1 (Ubuntu/Linaro 4.6.1-9ubuntu3) 
configure:3327: $? = 0
configure:3316: gcc -V >&5
gcc: error: unrecognized option '-V'
gcc: fatal error: no input files
compilation terminated.
configure:3327: $? = 4
configure:3316: gcc -qversion >&5
gcc: error: unrecognized option '-qversion'
gcc: fatal error: no input files
compilation terminated.
configure:3327: $? = 4
configure:3347: checking whether the C compiler works
configure:3369: gcc    conftest.c  >&5
configure:3373: $? = 0
configure:3421: result: yes
configure:3424: checking for C compiler default output file name
configure:3426: result: a.out
configure:3432: checking for suffix of executables
configure:3439: gcc -o conftest    conftest.c  >&5
configure:3443: $? = 0
configure:3465: result: 
configure:3487: checking whether we are cross compiling
configure:3495: gcc -o conftest    conftest.c  >&5
configure:3499: $? = 0
configure:3506: ./conftest
configure:3510: $? = 0
configure:3525: result: no
configure:3530: checking for suffix of object files
configure:3552: gcc -c   conftest.c >&5
configure:3556: $? = 0
configure:3577: result: o
configure:3581: checking whether we are using the GNU C compiler
configure:3600: gcc -c   conftest.c >&5
configure:3600: $? = 0
configure:3609: result: yes
configure:3618: checking whether gcc accepts -g
configure:3638: gcc -c -g  conftest.c >&5
configure:3638: $? = 0
configure:3679: result: yes
configure:3696: checking for gcc option to accept ISO C89
configure:3760: gcc  -c -g -O2  conftest.c >&5
configure:3760: $? = 0
configure:3773: result: none needed
configure:3795: checking dependency style of gcc
configure:3905: result: gcc3
configure:3920: checking for a sed that does not truncate output
configure:3984: result: /bin/sed
configure:4002: checking for grep that handles long lines and -e
configure:4060: result: /bin/grep
configure:4065: checking for egrep
configure:4127: result: /bin/grep -E
configure:4132: checking for fgrep
configure:4194: result: /bin/grep -F
configure:4229: checking for ld used by gcc
configure:4296: result: /usr/bin/ld
configure:4303: checking if the linker (/usr/bin/ld) is GNU ld
configure:4318: result: yes
configure:4330: checking for BSD- or MS-compatible name lister (nm)
configure:4379: result: /usr/bin/nm -B
configure:4509: checking the name lister (/usr/bin/nm -B) interface
configure:4516: gcc -c -g -O2  conftest.c >&5
configure:4519: /usr/bin/nm -B "conftest.o"
configure:4522: output
0000000000000000 B some_variable
configure:4529: result: BSD nm
configure:4532: checking whether ln -s works
configure:4536: result: yes
configure:4544: checking the maximum length of command line arguments
configure:4669: result: 1572864
configure:4686: checking whether the shell understands some XSI constructs
configure:4696: result: yes
configure:4700: checking whether the shell understands "+="
configure:4706: result: yes
configure:4741: checking how to convert x86_64-unknown-linux-gnu file names to x86_64-unknown-linux-gnu format
configure:4781: result: func_convert_file_noop
configure:4788: checking how to convert x86_64-unknown-linux-gnu file names to toolchain format
configure:4808: result: func_convert_file_noop
configure:4815: checking for /usr/bin/ld option to reload object files
configure:4822: result: -r
configure:4896: checking for objdump
configure:4912: found /usr/bin/objdump
configure:4923: result: objdump
configure:4955: checking how to recognize dependent libraries
configure:5157: result: pass_all
configure:5242: checking for dlltool
configure:5272: result: no
configure:5302: checking how to associate runtime and link libraries
configure:5329: result: printf %s\n
configure:5390: checking for ar
configure:5406: found /usr/bin/ar
configure:5417: result: ar
configure:5454: checking for archiver @FILE support
configure:5471: gcc -c -g -O2  conftest.c >&5
configure:5471: $? = 0
configure:5474: ar cru libconftest.a @conftest.lst >&5
configure:5477: $? = 0
configure:5482: ar cru libconftest.a @conftest.lst >&5
ar: conftest.o: No such file or directory
configure:5485: $? = 1
configure:5497: result: @
configure:5555: checking for strip
configure:5571: found /usr/bin/strip
configure:5582: result: strip
configure:5654: checking for ranlib
configure:5670: found /usr/bin/ranlib
configure:5681: result: ranlib
configure:5783: checking command to parse /usr/bin/nm -B output from gcc object
configure:5902: gcc -c -g -O2  conftest.c >&5
configure:5905: $? = 0
configure:5909: /usr/bin/nm -B conftest.o \| sed -n -e 's/^.*[ ]\([ABCDGIRSTW][ABCDGIRSTW]*\)[ ][ ]*\([_A-Za-z][_A-Za-z0-9]*\)$/\1 \2 \2/p' | sed '/ __gnu_lto/d' \> conftest.nm
configure:5912: $? = 0
configure:5978: gcc -o conftest -g -O2   conftest.c conftstm.o >&5
configure:5981: $? = 0
configure:6019: result: ok
configure:6056: checking for sysroot
configure:6086: result: no
configure:6163: gcc -c -g -O2  conftest.c >&5
configure:6166: $? = 0
configure:6329: checking for mt
configure:6345: found /bin/mt
configure:6356: result: mt
configure:6379: checking if mt is a manifest tool
configure:6385: mt '-?'
configure:6393: result: no
configure:7025: checking how to run the C preprocessor
configure:7056: gcc -E  conftest.c
configure:7056: $? = 0
configure:7070: gcc -E  conftest.c
conftest.c:11:28: fatal error: ac_nonexistent.h: No such file or directory
compilation terminated.
configure:7070: $? = 1
configure: failed program was:
| /* confdefs.h */
| #define PACKAGE_NAME "libgtkmusic"
| #define PACKAGE_TARNAME "libgtkmusic"
| #define PACKAGE_VERSION "0.2"
| #define PACKAGE_STRING "libgtkmusic 0.2"
| #define PACKAGE_BUGREPORT "leandro.mattioli@gmail.com"
| #define PACKAGE_URL ""
| #define PACKAGE "libgtkmusic"
| #define VERSION "0.2"
| /* end confdefs.h.  */
| #include <ac_nonexistent.h>
configure:7095: result: gcc -E
configure:7115: gcc -E  conftest.c
configure:7115: $? = 0
configure:7129: gcc -E  conftest.c
conftest.c:11:28: fatal error: ac_nonexistent.h: No such file or directory
compilation terminated.
configure:7129: $? = 1
configure: failed program was:
| /* confdefs.h */
| #define PACKAGE_NAME "libgtkmusic"
| #define PACKAGE_TARNAME "libgtkmusic"
| #define PACKAGE_VERSION "0.2"
| #define PACKAGE_STRING "libgtkmusic 0.2"
| #define PACKAGE_BUGREPORT "leandro.mattioli@gmail.com"
| #define PACKAGE_URL ""
| #define PACKAGE "libgtkmusic"
| #define VERSION "0.2"
| /* end confdefs.h.  */
| #include <ac_nonexistent.h>
configure:7158: checking for ANSI C header files
configure:7178: gcc -c -g -O2  conftest.c >&5
configure:7178: $? = 0
configure:7251: gcc -o conftest -g -O2   conftest.c  >&5
configure:7251: $? = 0
configure:7251: ./conftest
configure:7251: $? = 0
configure:7262: result: yes
configure:7275: checking for sys/types.h
configure:7275: gcc -c -g -O2  conftest.c >&5
configure:7275: $? = 0
configure:7275: result: yes
configure:7275: checking for sys/stat.h
configure:7275: gcc -c -g -O2  conftest.c >&5
configure:7275: $? = 0
configure:7275: result: yes
configure:7275: checking for stdlib.h
configure:7275: gcc -c -g -O2  conftest.c >&5
configure:7275: $? = 0
configure:7275: result: yes
configure:7275: checking for string.h
configure:7275: gcc -c -g -O2  conftest.c >&5
configure:7275: $? = 0
configure:7275: result: yes
configure:7275: checking for memory.h
configure:7275: gcc -c -g -O2  conftest.c >&5
configure:7275: $? = 0
configure:7275: result: yes
configure:7275: checking for strings.h
configure:7275: gcc -c -g -O2  conftest.c >&5
configure:7275: $? = 0
configure:7275: result: yes
configure:7275: checking for inttypes.h
configure:7275: gcc -c -g -O2  conftest.c >&5
configure:7275: $? = 0
configure:7275: result: yes
configure:7275: checking for stdint.h
configure:7275: gcc -c -g -O2  conftest.c >&5
configure:7275: $? = 0
configure:7275: result: yes
configure:7275: checking for unistd.h
configure:7275: gcc -c -g -O2  conftest.c >&5
configure:7275: $? = 0
configure:7275: result: yes
configure:7289: checking for dlfcn.h
configure:7289: gcc -c -g -O2  conftest.c >&5
configure:7289: $? = 0
configure:7289: result: yes
configure:7476: checking for objdir
configure:7491: result: .libs
configure:7762: checking if gcc supports -fno-rtti -fno-exceptions
configure:7780: gcc -c -g -O2  -fno-rtti -fno-exceptions conftest.c >&5
cc1: warning: command line option '-fno-rtti' is valid for C++/ObjC++ but not for C [enabled by default]
configure:7784: $? = 0
configure:7797: result: no
configure:8107: checking for gcc option to produce PIC
configure:8114: result: -fPIC -DPIC
configure:8122: checking if gcc PIC flag -fPIC -DPIC works
configure:8140: gcc -c -g -O2  -fPIC -DPIC -DPIC conftest.c >&5
configure:8144: $? = 0
configure:8157: result: yes
configure:8186: checking if gcc static flag -static works
configure:8214: result: yes
configure:8229: checking if gcc supports -c -o file.o
configure:8250: gcc -c -g -O2  -o out/conftest2.o conftest.c >&5
configure:8254: $? = 0
configure:8276: result: yes
configure:8284: checking if gcc supports -c -o file.o
configure:8331: result: yes
configure:8364: checking whether the gcc linker (/usr/bin/ld -m elf_x86_64) supports shared libraries
configure:9526: result: yes
configure:9563: checking whether -lc should be explicitly linked in
configure:9571: gcc -c -g -O2  conftest.c >&5
configure:9574: $? = 0
configure:9589: gcc -shared  -fPIC -DPIC conftest.o  -v -Wl,-soname -Wl,conftest -o conftest 2\>\&1 \| /bin/grep  -lc  \>/dev/null 2\>\&1
configure:9592: $? = 0
configure:9606: result: no
configure:9771: checking dynamic linker characteristics
configure:10286: gcc -o conftest -g -O2   -Wl,-rpath -Wl,/foo conftest.c  >&5
configure:10286: $? = 0
configure:10520: result: GNU/Linux ld.so
configure:10627: checking how to hardcode library paths into programs
configure:10652: result: immediate
configure:11192: checking whether stripping libraries is possible
configure:11197: result: yes
configure:11232: checking if libtool supports shared libraries
configure:11234: result: yes
configure:11237: checking whether to build shared libraries
configure:11258: result: yes
configure:11261: checking whether to build static libraries
configure:11265: result: yes
configure:11301: checking whether gcc and cc understand -c and -o together
configure:11332: gcc -c conftest.c -o conftest2.o >&5
configure:11336: $? = 0
configure:11342: gcc -c conftest.c -o conftest2.o >&5
configure:11346: $? = 0
configure:11357: cc -c conftest.c >&5
configure:11361: $? = 0
configure:11369: cc -c conftest.c -o conftest2.o >&5
configure:11373: $? = 0
configure:11379: cc -c conftest.c -o conftest2.o >&5
configure:11383: $? = 0
configure:11401: result: yes
configure:11480: checking for pkg-config
configure:11498: found /usr/bin/pkg-config
configure:11510: result: /usr/bin/pkg-config
configure:11535: checking pkg-config is at least version 0.9.0
configure:11538: result: yes
configure:11552: checking for LIBGTKMUSICDEPS
configure:11563: $PKG_CONFIG --exists --print-errors "glib-2.0 > 2.28.0
	gobject-2.0 > 2.28.0
	gtk+-3.0 > 3.0.0
	gee-1.0
"
configure:11570: $? = 0
configure:11592: $PKG_CONFIG --exists --print-errors "glib-2.0 > 2.28.0
	gobject-2.0 > 2.28.0
	gtk+-3.0 > 3.0.0
	gee-1.0
"
configure:11599: $? = 0
configure:11673: result: yes
configure:11679: checking for LIBGTKMUSIC
configure:11687: $PKG_CONFIG --exists --print-errors "gtkmusic-0.2
"
configure:11691: $? = 0
configure:11707: $PKG_CONFIG --exists --print-errors "gtkmusic-0.2
"
configure:11711: $? = 0
configure:11773: result: yes
configure:11788: checking for gobject-introspection
configure:11819: $PKG_CONFIG --exists --print-errors "gobject-introspection-1.0 >= 0.9.0"
configure:11822: $? = 0
configure:11833: result: yes

## ---------------- ##
## Cache variables. ##
## ---------------- ##

ac_cv_build=x86_64-unknown-linux-gnu
ac_cv_c_compiler_gnu=yes
ac_cv_env_CC_set=
ac_cv_env_CC_value=
ac_cv_env_CFLAGS_set=
ac_cv_env_CFLAGS_value=
ac_cv_env_CPPFLAGS_set=
ac_cv_env_CPPFLAGS_value=
ac_cv_env_CPP_set=
ac_cv_env_CPP_value=
ac_cv_env_LDFLAGS_set=
ac_cv_env_LDFLAGS_value=
ac_cv_env_LIBGTKMUSICDEPS_CFLAGS_set=
ac_cv_env_LIBGTKMUSICDEPS_CFLAGS_value=
ac_cv_env_LIBGTKMUSICDEPS_LIBS_set=
ac_cv_env_LIBGTKMUSICDEPS_LIBS_value=
ac_cv_env_LIBGTKMUSIC_CFLAGS_set=
ac_cv_env_LIBGTKMUSIC_CFLAGS_value=
ac_cv_env_LIBGTKMUSIC_LIBS_set=
ac_cv_env_LIBGTKMUSIC_LIBS_value=
ac_cv_env_LIBS_set=
ac_cv_env_LIBS_value=
ac_cv_env_PKG_CONFIG_LIBDIR_set=
ac_cv_env_PKG_CONFIG_LIBDIR_value=
ac_cv_env_PKG_CONFIG_PATH_set=set
ac_cv_env_PKG_CONFIG_PATH_value=:/usr/local/lib/pkgconfig
ac_cv_env_PKG_CONFIG_set=
ac_cv_env_PKG_CONFIG_value=
ac_cv_env_build_alias_set=
ac_cv_env_build_alias_value=
ac_cv_env_host_alias_set=
ac_cv_env_host_alias_value=
ac_cv_env_target_alias_set=
ac_cv_env_target_alias_value=
ac_cv_header_dlfcn_h=yes
ac_cv_header_inttypes_h=yes
ac_cv_header_memory_h=yes
ac_cv_header_stdc=yes
ac_cv_header_stdint_h=yes
ac_cv_header_stdlib_h=yes
ac_cv_header_string_h=yes
ac_cv_header_strings_h=yes
ac_cv_header_sys_stat_h=yes
ac_cv_header_sys_types_h=yes
ac_cv_header_unistd_h=yes
ac_cv_host=x86_64-unknown-linux-gnu
ac_cv_objext=o
ac_cv_path_EGREP='/bin/grep -E'
ac_cv_path_FGREP='/bin/grep -F'
ac_cv_path_GREP=/bin/grep
ac_cv_path_SED=/bin/sed
ac_cv_path_VALAC=/usr/local/bin/valac
ac_cv_path_ac_pt_PKG_CONFIG=/usr/bin/pkg-config
ac_cv_path_install='/usr/bin/install -c'
ac_cv_path_mkdir=/bin/mkdir
ac_cv_prog_AWK=gawk
ac_cv_prog_CPP='gcc -E'
ac_cv_prog_ac_ct_AR=ar
ac_cv_prog_ac_ct_CC=gcc
ac_cv_prog_ac_ct_MANIFEST_TOOL=mt
ac_cv_prog_ac_ct_OBJDUMP=objdump
ac_cv_prog_ac_ct_RANLIB=ranlib
ac_cv_prog_ac_ct_STRIP=strip
ac_cv_prog_cc_c89=
ac_cv_prog_cc_g=yes
ac_cv_prog_cc_gcc_c_o=yes
ac_cv_prog_make_make_set=yes
am_cv_CC_dependencies_compiler_type=gcc3
lt_cv_ar_at_file=@
lt_cv_archive_cmds_need_lc=no
lt_cv_deplibs_check_method=pass_all
lt_cv_file_magic_cmd='$MAGIC_CMD'
lt_cv_file_magic_test_file=
lt_cv_ld_reload_flag=-r
lt_cv_nm_interface='BSD nm'
lt_cv_objdir=.libs
lt_cv_path_LD=/usr/bin/ld
lt_cv_path_NM='/usr/bin/nm -B'
lt_cv_path_mainfest_tool=no
lt_cv_prog_compiler_c_o=yes
lt_cv_prog_compiler_pic='-fPIC -DPIC'
lt_cv_prog_compiler_pic_works=yes
lt_cv_prog_compiler_rtti_exceptions=no
lt_cv_prog_compiler_static_works=yes
lt_cv_prog_gnu_ld=yes
lt_cv_sharedlib_from_linklib_cmd='printf %s\n'
lt_cv_shlibpath_overrides_runpath=no
lt_cv_sys_global_symbol_pipe='sed -n -e '\''s/^.*[	 ]\([ABCDGIRSTW][ABCDGIRSTW]*\)[	 ][	 ]*\([_A-Za-z][_A-Za-z0-9]*\)$/\1 \2 \2/p'\'' | sed '\''/ __gnu_lto/d'\'''
lt_cv_sys_global_symbol_to_c_name_address='sed -n -e '\''s/^: \([^ ]*\)[ ]*$/  {\"\1\", (void *) 0},/p'\'' -e '\''s/^[ABCDGIRSTW]* \([^ ]*\) \([^ ]*\)$/  {"\2", (void *) \&\2},/p'\'''
lt_cv_sys_global_symbol_to_c_name_address_lib_prefix='sed -n -e '\''s/^: \([^ ]*\)[ ]*$/  {\"\1\", (void *) 0},/p'\'' -e '\''s/^[ABCDGIRSTW]* \([^ ]*\) \(lib[^ ]*\)$/  {"\2", (void *) \&\2},/p'\'' -e '\''s/^[ABCDGIRSTW]* \([^ ]*\) \([^ ]*\)$/  {"lib\2", (void *) \&\2},/p'\'''
lt_cv_sys_global_symbol_to_cdecl='sed -n -e '\''s/^T .* \(.*\)$/extern int \1();/p'\'' -e '\''s/^[ABCDGIRSTW]* .* \(.*\)$/extern char \1;/p'\'''
lt_cv_sys_max_cmd_len=1572864
lt_cv_to_host_file_cmd=func_convert_file_noop
lt_cv_to_tool_file_cmd=func_convert_file_noop
pkg_cv_LIBGTKMUSICDEPS_CFLAGS='-pthread -DGSEAL_ENABLE -I/usr/include/glib-2.0 -I/usr/lib/x86_64-linux-gnu/glib-2.0/include -I/usr/include/atk-1.0 -I/usr/include/cairo -I/usr/include/gdk-pixbuf-2.0 -I/usr/include/pango-1.0 -I/usr/include/gio-unix-2.0/ -I/usr/include/pixman-1 -I/usr/include/freetype2 -I/usr/include/libpng12 -I/usr/include/gtk-3.0 -I/usr/include/gee-1.0  '
pkg_cv_LIBGTKMUSICDEPS_LIBS='-pthread -lgtk-3 -lgdk-3 -latk-1.0 -lcairo-gobject -lgio-2.0 -lpangoft2-1.0 -lpangocairo-1.0 -lgdk_pixbuf-2.0 -lcairo -lpango-1.0 -lfreetype -lfontconfig -lgmodule-2.0 -lgee -lgobject-2.0 -lgthread-2.0 -lrt -lglib-2.0  '
pkg_cv_LIBGTKMUSIC_CFLAGS='-pthread -DGSEAL_ENABLE -I/usr/local/include/gtkmusic-0.2 -I/usr/include/glib-2.0 -I/usr/lib/x86_64-linux-gnu/glib-2.0/include -I/usr/include/atk-1.0 -I/usr/include/cairo -I/usr/include/gdk-pixbuf-2.0 -I/usr/include/pango-1.0 -I/usr/include/gio-unix-2.0/ -I/usr/include/pixman-1 -I/usr/include/freetype2 -I/usr/include/libpng12 -I/usr/include/gtk-3.0 -I/usr/include/gee-1.0  '
pkg_cv_LIBGTKMUSIC_LIBS='-pthread -L/usr/local/lib -lgtkmusic-0.2 -lgtk-3 -lgee -lgdk-3 -latk-1.0 -lcairo-gobject -lgio-2.0 -lpangoft2-1.0 -lpangocairo-1.0 -lgdk_pixbuf-2.0 -lcairo -lpango-1.0 -lfreetype -lfontconfig -lgmodule-2.0 -lgobject-2.0 -lgthread-2.0 -lrt -lglib-2.0  '

## ----------------- ##
## Output variables. ##
## ----------------- ##

ACLOCAL='${SHELL} /home/leandro/Documentos/workspaces/leandromattioli.com/libgtkmusic-code/build-aux/missing --run aclocal-1.11'
AMDEPBACKSLASH='\'
AMDEP_FALSE='#'
AMDEP_TRUE=''
AMTAR='${SHELL} /home/leandro/Documentos/workspaces/leandromattioli.com/libgtkmusic-code/build-aux/missing --run tar'
AR='ar'
AUTOCONF='${SHELL} /home/leandro/Documentos/workspaces/leandromattioli.com/libgtkmusic-code/build-aux/missing --run autoconf'
AUTOHEADER='${SHELL} /home/leandro/Documentos/workspaces/leandromattioli.com/libgtkmusic-code/build-aux/missing --run autoheader'
AUTOMAKE='${SHELL} /home/leandro/Documentos/workspaces/leandromattioli.com/libgtkmusic-code/build-aux/missing --run automake-1.11'
AWK='gawk'
CC='gcc'
CCDEPMODE='depmode=gcc3'
CFLAGS='-g -O2'
CPP='gcc -E'
CPPFLAGS=''
CYGPATH_W='echo'
DEFS=''
DEPDIR='.deps'
DLLTOOL='false'
DSYMUTIL=''
DUMPBIN=''
ECHO_C=''
ECHO_N='-n'
ECHO_T=''
EGREP='/bin/grep -E'
ENABLE_GLADE_CATALOG_FALSE=''
ENABLE_GLADE_CATALOG_TRUE=''
EXEEXT=''
FGREP='/bin/grep -F'
GLADE_CATALOG_DIR=''
GLADE_ICON_DIR=''
GLADE_MODULE_DIR=''
GREP='/bin/grep'
HAVE_INTROSPECTION_FALSE='#'
HAVE_INTROSPECTION_TRUE=''
INSTALL_DATA='${INSTALL} -m 644'
INSTALL_PROGRAM='${INSTALL}'
INSTALL_SCRIPT='${INSTALL}'
INSTALL_STRIP_PROGRAM='$(install_sh) -c -s'
INTROSPECTION_CFLAGS='-pthread -I/usr/include/glib-2.0 -I/usr/lib/x86_64-linux-gnu/glib-2.0/include -I/usr/include/gobject-introspection-1.0  '
INTROSPECTION_COMPILER='/usr/bin/g-ir-compiler'
INTROSPECTION_GENERATE='/usr/bin/g-ir-generate'
INTROSPECTION_GIRDIR='/usr/share/gir-1.0'
INTROSPECTION_LIBS='-Wl,--export-dynamic -pthread -lgirepository-1.0 -lgobject-2.0 -lgmodule-2.0 -lffi -lgthread-2.0 -lrt -lglib-2.0  '
INTROSPECTION_MAKEFILE='/usr/share/gobject-introspection-1.0/Makefile.introspection'
INTROSPECTION_SCANNER='/usr/bin/g-ir-scanner'
INTROSPECTION_TYPELIBDIR='/usr/lib/girepository-1.0'
LD='/usr/bin/ld -m elf_x86_64'
LDFLAGS=''
LIBGTKMUSICDEPS_CFLAGS='-pthread -DGSEAL_ENABLE -I/usr/include/glib-2.0 -I/usr/lib/x86_64-linux-gnu/glib-2.0/include -I/usr/include/atk-1.0 -I/usr/include/cairo -I/usr/include/gdk-pixbuf-2.0 -I/usr/include/pango-1.0 -I/usr/include/gio-unix-2.0/ -I/usr/include/pixman-1 -I/usr/include/freetype2 -I/usr/include/libpng12 -I/usr/include/gtk-3.0 -I/usr/include/gee-1.0  '
LIBGTKMUSICDEPS_LIBS='-pthread -lgtk-3 -lgdk-3 -latk-1.0 -lcairo-gobject -lgio-2.0 -lpangoft2-1.0 -lpangocairo-1.0 -lgdk_pixbuf-2.0 -lcairo -lpango-1.0 -lfreetype -lfontconfig -lgmodule-2.0 -lgee -lgobject-2.0 -lgthread-2.0 -lrt -lglib-2.0  '
LIBGTKMUSIC_CFLAGS='-pthread -DGSEAL_ENABLE -I/usr/local/include/gtkmusic-0.2 -I/usr/include/glib-2.0 -I/usr/lib/x86_64-linux-gnu/glib-2.0/include -I/usr/include/atk-1.0 -I/usr/include/cairo -I/usr/include/gdk-pixbuf-2.0 -I/usr/include/pango-1.0 -I/usr/include/gio-unix-2.0/ -I/usr/include/pixman-1 -I/usr/include/freetype2 -I/usr/include/libpng12 -I/usr/include/gtk-3.0 -I/usr/include/gee-1.0  '
LIBGTKMUSIC_LIBS='-pthread -L/usr/local/lib -lgtkmusic-0.2 -lgtk-3 -lgee -lgdk-3 -latk-1.0 -lcairo-gobject -lgio-2.0 -lpangoft2-1.0 -lpangocairo-1.0 -lgdk_pixbuf-2.0 -lcairo -lpango-1.0 -lfreetype -lfontconfig -lgmodule-2.0 -lgobject-2.0 -lgthread-2.0 -lrt -lglib-2.0  '
LIBGTKMUSIC_LT_VERSION='0:0:0'
LIBOBJS=''
LIBS=''
LIBTOOL='$(SHELL) $(top_builddir)/libtool'
LIPO=''
LN_S='ln -s'
LTLIBOBJS=''
MAKEINFO='${SHELL} /home/leandro/Documentos/workspaces/leandromattioli.com/libgtkmusic-code/build-aux/missing --run makeinfo'
MANIFEST_TOOL=':'
MKDIR_P='/bin/mkdir -p'
NM='/usr/bin/nm -B'
NMEDIT=''
OBJDUMP='objdump'
OBJEXT='o'
OTOOL64=''
OTOOL=''
PACKAGE='libgtkmusic'
PACKAGE_BUGREPORT='leandro.mattioli@gmail.com'
PACKAGE_NAME='libgtkmusic'
PACKAGE_STRING='libgtkmusic 0.2'
PACKAGE_TARNAME='libgtkmusic'
PACKAGE_URL=''
PACKAGE_VERSION='0.2'
PATH_SEPARATOR=':'
PKG_CONFIG='/usr/bin/pkg-config'
PKG_CONFIG_LIBDIR=''
PKG_CONFIG_PATH=':/usr/local/lib/pkgconfig'
RANLIB='ranlib'
SED='/bin/sed'
SET_MAKE=''
SHELL='/bin/bash'
STRIP='strip'
VALAC='/usr/local/bin/valac'
VALAFLAGS=''
VERSION='0.2'
ac_ct_AR='ar'
ac_ct_CC='gcc'
ac_ct_DUMPBIN=''
am__EXEEXT_FALSE=''
am__EXEEXT_TRUE=''
am__fastdepCC_FALSE='#'
am__fastdepCC_TRUE=''
am__include='include'
am__isrc=''
am__leading_dot='.'
am__quote=''
am__tar='${AMTAR} chof - "$$tardir"'
am__untar='${AMTAR} xf -'
bindir='${exec_prefix}/bin'
build='x86_64-unknown-linux-gnu'
build_alias=''
build_cpu='x86_64'
build_os='linux-gnu'
build_vendor='unknown'
datadir='${datarootdir}'
datarootdir='${prefix}/share'
docdir='${datarootdir}/doc/${PACKAGE_TARNAME}'
dvidir='${docdir}'
exec_prefix='NONE'
host='x86_64-unknown-linux-gnu'
host_alias=''
host_cpu='x86_64'
host_os='linux-gnu'
host_vendor='unknown'
htmldir='${docdir}'
includedir='${prefix}/include'
infodir='${datarootdir}/info'
install_sh='${SHELL} /home/leandro/Documentos/workspaces/leandromattioli.com/libgtkmusic-code/build-aux/install-sh'
libdir='${exec_prefix}/lib'
libexecdir='${exec_prefix}/libexec'
localedir='${datarootdir}/locale'
localstatedir='${prefix}/var'
mandir='${datarootdir}/man'
mkdir_p='/bin/mkdir -p'
oldincludedir='/usr/include'
pdfdir='${docdir}'
prefix='NONE'
program_transform_name='s,x,x,'
psdir='${docdir}'
sbindir='${exec_prefix}/sbin'
sharedstatedir='${prefix}/com'
sysconfdir='${prefix}/etc'
target_alias=''

## ----------- ##
## confdefs.h. ##
## ----------- ##

/* confdefs.h */
#define PACKAGE_NAME "libgtkmusic"
#define PACKAGE_TARNAME "libgtkmusic"
#define PACKAGE_VERSION "0.2"
#define PACKAGE_STRING "libgtkmusic 0.2"
#define PACKAGE_BUGREPORT "leandro.mattioli@gmail.com"
#define PACKAGE_URL ""
#define PACKAGE "libgtkmusic"
#define VERSION "0.2"
#define STDC_HEADERS 1
#define HAVE_SYS_TYPES_H 1
#define HAVE_SYS_STAT_H 1
#define HAVE_STDLIB_H 1
#define HAVE_STRING_H 1
#define HAVE_MEMORY_H 1
#define HAVE_STRINGS_H 1
#define HAVE_INTTYPES_H 1
#define HAVE_STDINT_H 1
#define HAVE_UNISTD_H 1
#define HAVE_DLFCN_H 1
#define LT_OBJDIR ".libs/"

configure: exit 2
